<?xml version="1.0" encoding="UTF-8"?>
<testsuite name="CarsTest" tests="1" skipped="0" failures="0" errors="0" timestamp="2022-07-07T06:19:37" hostname="WIN-FM6TNH6FQU0" time="0.056">
  <properties/>
  <testcase name="getException()" classname="CarsTest" time="0.056"/>
  <system-out><![CDATA[]]></system-out>
  <system-err><![CDATA[]]></system-err>
</testsuite>
